<?xml version="1.0" encoding="UTF-8"?>
<!-- Generated by org.testng.reporters.JUnitXMLReporter -->
<testsuite ignored="0" hostname="Pankaj" failures="0" tests="3" name="Default test" time="0.296" errors="0" timestamp="2023-08-16T17:18:19 IST">
  <testcase classname="TestPack.ToVerifyLoginPage" name="@BeforeTest beforeTest" time="-1.692186498839E9">
    <failure type="org.testng.TestNGException" message="
Parameter &amp;apos;browser&amp;apos; is required by BeforeTest on method beforeTest but has not been marked @Optional or defined
in C:\Users\hp\AppData\Local\Temp\testng-eclipse-825647111\testng-customsuite.xml">
      <![CDATA[org.testng.TestNGException: 
Parameter 'browser' is required by BeforeTest on method beforeTest but has not been marked @Optional or defined
in C:\Users\hp\AppData\Local\Temp\testng-eclipse-825647111\testng-customsuite.xml
at org.testng.internal.Parameters.createParams(Parameters.java:270)
at org.testng.internal.Parameters.createParametersForMethod(Parameters.java:358)
at org.testng.internal.Parameters.createParameters(Parameters.java:700)
at org.testng.internal.Parameters.createConfigurationParameters(Parameters.java:168)
at org.testng.internal.ConfigInvoker.invokeConfigurations(ConfigInvoker.java:302)
at org.testng.TestRunner.invokeTestConfigurations(TestRunner.java:637)
at org.testng.TestRunner.beforeRun(TestRunner.java:627)
at org.testng.TestRunner.run(TestRunner.java:589)
at org.testng.SuiteRunner.runTest(SuiteRunner.java:377)
at org.testng.SuiteRunner.runSequentially(SuiteRunner.java:371)
at org.testng.SuiteRunner.privateRun(SuiteRunner.java:332)
at org.testng.SuiteRunner.run(SuiteRunner.java:276)
at org.testng.SuiteRunnerWorker.runSuite(SuiteRunnerWorker.java:53)
at org.testng.SuiteRunnerWorker.run(SuiteRunnerWorker.java:96)
at org.testng.TestNG.runSuitesSequentially(TestNG.java:1212)
at org.testng.TestNG.runSuitesLocally(TestNG.java:1134)
at org.testng.TestNG.runSuites(TestNG.java:1063)
at org.testng.TestNG.run(TestNG.java:1031)
at org.testng.remote.AbstractRemoteTestNG.run(AbstractRemoteTestNG.java:115)
at org.testng.remote.RemoteTestNG.initAndRun(RemoteTestNG.java:251)
at org.testng.remote.RemoteTestNG.main(RemoteTestNG.java:77)
]]>
    </failure>
  </testcase> <!-- @BeforeTest beforeTest -->
  <testcase classname="TestPack.ToVerifyLoginPage" name="@BeforeClass openBrowser" time="-1.692186498915E9">
    <skipped/>
  </testcase> <!-- @BeforeClass openBrowser -->
  <testcase classname="TestPack.ToVerifyLoginPage" name="@BeforeMethod beforeMethod" time="-1.692186498959E9">
    <skipped/>
  </testcase> <!-- @BeforeMethod beforeMethod -->
  <testcase classname="TestPack.ToVerifyLoginPage" name="@AfterMethod logOutApplication" time="-1.692186499006E9">
    <skipped/>
  </testcase> <!-- @AfterMethod logOutApplication -->
  <testcase classname="TestPack.ToVerifyLoginPage" name="@BeforeMethod beforeMethod" time="-1.692186499017E9">
    <skipped/>
  </testcase> <!-- @BeforeMethod beforeMethod -->
  <testcase classname="TestPack.ToVerifyLoginPage" name="@AfterMethod logOutApplication" time="-1.692186499052E9">
    <skipped/>
  </testcase> <!-- @AfterMethod logOutApplication -->
  <testcase classname="TestPack.ToVerifyLoginPage" name="@BeforeMethod beforeMethod" time="-1.692186499064E9">
    <skipped/>
  </testcase> <!-- @BeforeMethod beforeMethod -->
  <testcase classname="TestPack.ToVerifyLoginPage" name="@AfterMethod logOutApplication" time="-1.692186499084E9">
    <skipped/>
  </testcase> <!-- @AfterMethod logOutApplication -->
  <testcase classname="TestPack.ToVerifyLoginPage" name="@AfterClass closeTheBrowser" time="-1.692186499096E9">
    <skipped/>
  </testcase> <!-- @AfterClass closeTheBrowser -->
  <testcase classname="TestPack.ToVerifyLoginPage" name="@AfterTest clearObject" time="-1.692186499117E9">
    <skipped/>
  </testcase> <!-- @AfterTest clearObject -->
  <testcase classname="TestPack.ToVerifyLoginPage" name="VerifyCheckOutButton" time="0.0">
    <skipped/>
  </testcase> <!-- VerifyCheckOutButton -->
  <testcase classname="TestPack.ToVerifyLoginPage" name="verifyContinueWithShoppingButton" time="0.0">
    <skipped/>
  </testcase> <!-- verifyContinueWithShoppingButton -->
  <testcase classname="TestPack.ToVerifyLoginPage" name="verifyRemoveButton" time="0.0">
    <skipped/>
  </testcase> <!-- verifyRemoveButton -->
</testsuite> <!-- Default test -->
