<?xml version="1.0" encoding="UTF-8"?>
<testng-results ignored="0" total="3" passed="2" failed="1" skipped="0">
  <reporter-output>
  </reporter-output>
  <suite started-at="2023-08-01T23:39:54 IST" name="Default suite" finished-at="2023-08-01T23:40:08 IST" duration-ms="14172">
    <groups>
    </groups>
    <test started-at="2023-08-01T23:39:54 IST" name="Default test" finished-at="2023-08-01T23:40:08 IST" duration-ms="14172">
      <class name="TestPack.ToVerifyLoginPage">
        <test-method is-config="true" signature="openBrowser()[pri:0, instance:TestPack.ToVerifyLoginPage@4b0b0854]" started-at="2023-08-01T23:39:54 IST" name="openBrowser" finished-at="2023-08-01T23:39:57 IST" duration-ms="3442" status="PASS">
          <reporter-output>
          </reporter-output>
        </test-method> <!-- openBrowser -->
        <test-method is-config="true" signature="beforeMethod()[pri:0, instance:TestPack.ToVerifyLoginPage@4b0b0854]" started-at="2023-08-01T23:39:57 IST" name="beforeMethod" finished-at="2023-08-01T23:40:00 IST" duration-ms="2412" status="PASS">
          <reporter-output>
          </reporter-output>
        </test-method> <!-- beforeMethod -->
        <test-method signature="VerifyCheckOutButton()[pri:0, instance:TestPack.ToVerifyLoginPage@4b0b0854]" started-at="2023-08-01T23:40:00 IST" name="VerifyCheckOutButton" finished-at="2023-08-01T23:40:05 IST" duration-ms="5526" status="PASS">
          <reporter-output>
          </reporter-output>
        </test-method> <!-- VerifyCheckOutButton -->
        <test-method is-config="true" signature="logOutApplication(org.testng.ITestResult)[pri:0, instance:TestPack.ToVerifyLoginPage@4b0b0854]" started-at="2023-08-01T23:40:05 IST" name="logOutApplication" finished-at="2023-08-01T23:40:05 IST" duration-ms="3" status="PASS">
          <params>
            <param index="0">
              <value>
                <![CDATA[[TestResult name=VerifyCheckOutButton status=SUCCESS method=ToVerifyLoginPage.VerifyCheckOutButton()[pri:0, instance:TestPack.ToVerifyLoginPage@4b0b0854] output={null}]]]>
              </value>
            </param>
          </params>
          <reporter-output>
          </reporter-output>
        </test-method> <!-- logOutApplication -->
        <test-method is-config="true" signature="beforeMethod()[pri:0, instance:TestPack.ToVerifyLoginPage@4b0b0854]" started-at="2023-08-01T23:40:05 IST" name="beforeMethod" finished-at="2023-08-01T23:40:06 IST" duration-ms="525" status="PASS">
          <reporter-output>
          </reporter-output>
        </test-method> <!-- beforeMethod -->
        <test-method signature="verifyContinueWithShoppingButton()[pri:0, instance:TestPack.ToVerifyLoginPage@4b0b0854]" started-at="2023-08-01T23:40:06 IST" name="verifyContinueWithShoppingButton" finished-at="2023-08-01T23:40:06 IST" duration-ms="171" status="FAIL">
          <exception class="java.lang.AssertionError">
            <message>
              <![CDATA[expected [Continue Shoppin] but found [Continue Shopping]]]>
            </message>
            <full-stacktrace>
              <![CDATA[java.lang.AssertionError: expected [Continue Shoppin] but found [Continue Shopping]
at org.testng.Assert.fail(Assert.java:99)
at org.testng.Assert.failNotEquals(Assert.java:1037)
at org.testng.Assert.assertEqualsImpl(Assert.java:140)
at org.testng.Assert.assertEquals(Assert.java:122)
at org.testng.Assert.assertEquals(Assert.java:629)
at org.testng.Assert.assertEquals(Assert.java:639)
at TestPack.ToVerifyLoginPage.verifyContinueWithShoppingButton(ToVerifyLoginPage.java:72)
at java.base/jdk.internal.reflect.NativeMethodAccessorImpl.invoke0(Native Method)
at java.base/jdk.internal.reflect.NativeMethodAccessorImpl.invoke(NativeMethodAccessorImpl.java:77)
at java.base/jdk.internal.reflect.DelegatingMethodAccessorImpl.invoke(DelegatingMethodAccessorImpl.java:43)
at java.base/java.lang.reflect.Method.invoke(Method.java:568)
at org.testng.internal.MethodInvocationHelper.invokeMethod(MethodInvocationHelper.java:133)
at org.testng.internal.TestInvoker.invokeMethod(TestInvoker.java:598)
at org.testng.internal.TestInvoker.invokeTestMethod(TestInvoker.java:173)
at org.testng.internal.MethodRunner.runInSequence(MethodRunner.java:46)
at org.testng.internal.TestInvoker$MethodInvocationAgent.invoke(TestInvoker.java:824)
at org.testng.internal.TestInvoker.invokeTestMethods(TestInvoker.java:146)
at org.testng.internal.TestMethodWorker.invokeTestMethods(TestMethodWorker.java:146)
at org.testng.internal.TestMethodWorker.run(TestMethodWorker.java:128)
at java.base/java.util.ArrayList.forEach(ArrayList.java:1511)
at org.testng.TestRunner.privateRun(TestRunner.java:794)
at org.testng.TestRunner.run(TestRunner.java:596)
at org.testng.SuiteRunner.runTest(SuiteRunner.java:377)
at org.testng.SuiteRunner.runSequentially(SuiteRunner.java:371)
at org.testng.SuiteRunner.privateRun(SuiteRunner.java:332)
at org.testng.SuiteRunner.run(SuiteRunner.java:276)
at org.testng.SuiteRunnerWorker.runSuite(SuiteRunnerWorker.java:53)
at org.testng.SuiteRunnerWorker.run(SuiteRunnerWorker.java:96)
at org.testng.TestNG.runSuitesSequentially(TestNG.java:1212)
at org.testng.TestNG.runSuitesLocally(TestNG.java:1134)
at org.testng.TestNG.runSuites(TestNG.java:1063)
at org.testng.TestNG.run(TestNG.java:1031)
at org.testng.remote.AbstractRemoteTestNG.run(AbstractRemoteTestNG.java:115)
at org.testng.remote.RemoteTestNG.initAndRun(RemoteTestNG.java:251)
at org.testng.remote.RemoteTestNG.main(RemoteTestNG.java:77)
]]>
            </full-stacktrace>
          </exception> <!-- java.lang.AssertionError -->
          <reporter-output>
          </reporter-output>
        </test-method> <!-- verifyContinueWithShoppingButton -->
        <test-method is-config="true" signature="logOutApplication(org.testng.ITestResult)[pri:0, instance:TestPack.ToVerifyLoginPage@4b0b0854]" started-at="2023-08-01T23:40:06 IST" name="logOutApplication" finished-at="2023-08-01T23:40:06 IST" duration-ms="164" status="PASS">
          <params>
            <param index="0">
              <value>
                <![CDATA[[TestResult name=verifyContinueWithShoppingButton status=FAILURE method=ToVerifyLoginPage.verifyContinueWithShoppingButton()[pri:0, instance:TestPack.ToVerifyLoginPage@4b0b0854] output={null}]]]>
              </value>
            </param>
          </params>
          <reporter-output>
          </reporter-output>
        </test-method> <!-- logOutApplication -->
        <test-method is-config="true" signature="beforeMethod()[pri:0, instance:TestPack.ToVerifyLoginPage@4b0b0854]" started-at="2023-08-01T23:40:06 IST" name="beforeMethod" finished-at="2023-08-01T23:40:07 IST" duration-ms="420" status="PASS">
          <reporter-output>
          </reporter-output>
        </test-method> <!-- beforeMethod -->
        <test-method signature="verifyRemoveButton()[pri:0, instance:TestPack.ToVerifyLoginPage@4b0b0854]" started-at="2023-08-01T23:40:07 IST" name="verifyRemoveButton" finished-at="2023-08-01T23:40:07 IST" duration-ms="172" status="PASS">
          <reporter-output>
          </reporter-output>
        </test-method> <!-- verifyRemoveButton -->
        <test-method is-config="true" signature="logOutApplication(org.testng.ITestResult)[pri:0, instance:TestPack.ToVerifyLoginPage@4b0b0854]" started-at="2023-08-01T23:40:07 IST" name="logOutApplication" finished-at="2023-08-01T23:40:07 IST" duration-ms="0" status="PASS">
          <params>
            <param index="0">
              <value>
                <![CDATA[[TestResult name=verifyRemoveButton status=SUCCESS method=ToVerifyLoginPage.verifyRemoveButton()[pri:0, instance:TestPack.ToVerifyLoginPage@4b0b0854] output={null}]]]>
              </value>
            </param>
          </params>
          <reporter-output>
          </reporter-output>
        </test-method> <!-- logOutApplication -->
        <test-method is-config="true" signature="closeTheBrowser()[pri:0, instance:TestPack.ToVerifyLoginPage@4b0b0854]" started-at="2023-08-01T23:40:07 IST" name="closeTheBrowser" finished-at="2023-08-01T23:40:07 IST" duration-ms="1" status="PASS">
          <reporter-output>
          </reporter-output>
        </test-method> <!-- closeTheBrowser -->
        <test-method is-config="true" signature="clearObject()[pri:0, instance:TestPack.ToVerifyLoginPage@4b0b0854]" started-at="2023-08-01T23:40:07 IST" name="clearObject" finished-at="2023-08-01T23:40:08 IST" duration-ms="1269" status="PASS">
          <reporter-output>
          </reporter-output>
        </test-method> <!-- clearObject -->
      </class> <!-- TestPack.ToVerifyLoginPage -->
    </test> <!-- Default test -->
  </suite> <!-- Default suite -->
</testng-results>
