<?xml version="1.0" encoding="UTF-8"?>
<!-- Generated by org.testng.reporters.JUnitReportReporter -->
<testsuite hostname="Pankaj" failures="0" tests="2" name="TestPack.ToVerifyProductPage" time="8.125" errors="0" timestamp="2023-08-05T09:16:34 IST" skipped="0">
  <testcase classname="TestPack.ToVerifyProductPage" name="islandedOnProductPage" time="6.395"/>
  <system-out/>
  <testcase classname="TestPack.ToVerifyProductPage" name="islandedOnProductPage" time="1.730"/>
  <system-out/>
</testsuite> <!-- TestPack.ToVerifyProductPage -->
