<?xml version="1.0" encoding="UTF-8"?>
<!-- Generated by org.testng.reporters.JUnitXMLReporter -->
<testsuite ignored="0" hostname="Pankaj" failures="0" tests="4" name="ChromeTest" time="43.408" errors="0" timestamp="2023-08-05T09:16:18 IST">
  <testcase classname="TestPack.ToVerifyProductPage" name="islandedOnProductPage" time="1.033"/>
  <testcase classname="TestPack.ToVerifyLoginPage" name="VerifyCheckOutButton" time="7.963"/>
  <testcase classname="TestPack.ToVerifyLoginPage" name="verifyContinueWithShoppingButton" time="0.801"/>
  <testcase classname="TestPack.ToVerifyLoginPage" name="verifyRemoveButton" time="0.955"/>
</testsuite> <!-- ChromeTest -->
