<?xml version="1.0" encoding="UTF-8"?>
<!-- Generated by org.testng.reporters.JUnitXMLReporter -->
<testsuite ignored="0" hostname="Pankaj" failures="0" tests="4" name="FireFoxTest" time="59.132" errors="0" timestamp="2023-08-05T09:16:34 IST">
  <testcase classname="TestPack.ToVerifyProductPage" name="islandedOnProductPage" time="0.183"/>
  <testcase classname="TestPack.ToVerifyLoginPage" name="VerifyCheckOutButton" time="7.365"/>
  <testcase classname="TestPack.ToVerifyLoginPage" name="verifyContinueWithShoppingButton" time="0.33"/>
  <testcase classname="TestPack.ToVerifyLoginPage" name="verifyRemoveButton" time="0.477"/>
</testsuite> <!-- FireFoxTest -->
