<?xml version="1.0" encoding="UTF-8"?>
<!-- Generated by org.testng.reporters.JUnitXMLReporter -->
<testsuite ignored="0" hostname="Pankaj" failures="0" tests="4" name="OpearaTest" time="1.631" errors="0" timestamp="2023-08-03T09:34:47 IST">
  <testcase classname="TestPack.ToVerifyLoginPage" name="@BeforeTest beforeTest" time="1.279">
    <failure type="org.openqa.selenium.WebDriverException" message="unknown error: cannot find Opera binary
  (Driver info: operadriver=111.0.5563.65 (e4830ceddc221b83dbca59c8d293ee9fd44ee868-refs/branch-heads/5563@{#996}),platform=Windows NT 10.0.19045 x86_64) (WARNING: The server did not provide any stacktrace information)
Command duration or timeout: 131 milliseconds
Build info: version: &amp;apos;3.141.59&amp;apos;, revision: &amp;apos;e82be7d358&amp;apos;, time: &amp;apos;2018-11-14T08:17:03&amp;apos;
System info: host: &amp;apos;PANKAJ&amp;apos;, ip: &amp;apos;192.168.43.89&amp;apos;, os.name: &amp;apos;Windows 10&amp;apos;, os.arch: &amp;apos;amd64&amp;apos;, os.version: &amp;apos;10.0&amp;apos;, java.version: &amp;apos;17.0.5&amp;apos;
Driver info: driver.version: OperaDriver">
      <![CDATA[org.openqa.selenium.WebDriverException: unknown error: cannot find Opera binary
  (Driver info: operadriver=111.0.5563.65 (e4830ceddc221b83dbca59c8d293ee9fd44ee868-refs/branch-heads/5563@{#996}),platform=Windows NT 10.0.19045 x86_64) (WARNING: The server did not provide any stacktrace information)
Command duration or timeout: 131 milliseconds
Build info: version: '3.141.59', revision: 'e82be7d358', time: '2018-11-14T08:17:03'
System info: host: 'PANKAJ', ip: '192.168.43.89', os.name: 'Windows 10', os.arch: 'amd64', os.version: '10.0', java.version: '17.0.5'
Driver info: driver.version: OperaDriver
at org.openqa.selenium.remote.ErrorHandler.createThrowable(ErrorHandler.java:214)
at org.openqa.selenium.remote.ErrorHandler.throwIfResponseFailed(ErrorHandler.java:166)
at org.openqa.selenium.remote.JsonWireProtocolResponse.lambda$errorHandler$0(JsonWireProtocolResponse.java:54)
at org.openqa.selenium.remote.HandshakeResponse.lambda$getResponseFunction$0(HandshakeResponse.java:30)
at org.openqa.selenium.remote.ProtocolHandshake.lambda$createSession$0(ProtocolHandshake.java:126)
at java.base/java.util.stream.ReferencePipeline$3$1.accept(ReferencePipeline.java:197)
at java.base/java.util.Spliterators$ArraySpliterator.tryAdvance(Spliterators.java:1002)
at java.base/java.util.stream.ReferencePipeline.forEachWithCancel(ReferencePipeline.java:129)
at java.base/java.util.stream.AbstractPipeline.copyIntoWithCancel(AbstractPipeline.java:527)
at java.base/java.util.stream.AbstractPipeline.copyInto(AbstractPipeline.java:513)
at java.base/java.util.stream.AbstractPipeline.wrapAndCopyInto(AbstractPipeline.java:499)
at java.base/java.util.stream.FindOps$FindOp.evaluateSequential(FindOps.java:150)
at java.base/java.util.stream.AbstractPipeline.evaluate(AbstractPipeline.java:234)
at java.base/java.util.stream.ReferencePipeline.findFirst(ReferencePipeline.java:647)
at org.openqa.selenium.remote.ProtocolHandshake.createSession(ProtocolHandshake.java:128)
at org.openqa.selenium.remote.ProtocolHandshake.createSession(ProtocolHandshake.java:74)
at org.openqa.selenium.remote.HttpCommandExecutor.execute(HttpCommandExecutor.java:136)
at org.openqa.selenium.remote.service.DriverCommandExecutor.execute(DriverCommandExecutor.java:83)
at org.openqa.selenium.remote.RemoteWebDriver.execute(RemoteWebDriver.java:552)
at org.openqa.selenium.remote.RemoteWebDriver.startSession(RemoteWebDriver.java:213)
at org.openqa.selenium.remote.RemoteWebDriver.<init>(RemoteWebDriver.java:131)
at org.openqa.selenium.opera.OperaDriver.<init>(OperaDriver.java:173)
at org.openqa.selenium.opera.OperaDriver.<init>(OperaDriver.java:160)
at org.openqa.selenium.opera.OperaDriver.<init>(OperaDriver.java:115)
at BrowserSetup.Base.openOperaBrowser(Base.java:26)
at TestPack.ToVerifyLoginPage.beforeTest(ToVerifyLoginPage.java:42)
at java.base/java.util.concurrent.FutureTask.run(FutureTask.java:264)
at java.base/java.util.concurrent.ThreadPoolExecutor.runWorker(ThreadPoolExecutor.java:1136)
at java.base/java.util.concurrent.ThreadPoolExecutor$Worker.run(ThreadPoolExecutor.java:635)
at java.base/java.lang.Thread.run(Thread.java:833)
... Removed 20 stack frames]]>
    </failure>
  </testcase> <!-- @BeforeTest beforeTest -->
  <testcase classname="TestPack.ToVerifyProductPage" name="@BeforeTest beforeTest" time="-1.6910354867E9">
    <skipped/>
  </testcase> <!-- @BeforeTest beforeTest -->
  <testcase classname="TestPack.ToVerifyLoginPage" name="@BeforeClass openBrowser" time="-1.691035486745E9">
    <skipped/>
  </testcase> <!-- @BeforeClass openBrowser -->
  <testcase classname="TestPack.ToVerifyProductPage" name="@BeforeClass openBrowser" time="-1.691035486745E9">
    <skipped/>
  </testcase> <!-- @BeforeClass openBrowser -->
  <testcase classname="TestPack.ToVerifyLoginPage" name="@BeforeMethod beforeMethod" time="-1.691035486773E9">
    <skipped/>
  </testcase> <!-- @BeforeMethod beforeMethod -->
  <testcase classname="TestPack.ToVerifyProductPage" name="@BeforeMethod loginToApplication" time="-1.691035486773E9">
    <skipped/>
  </testcase> <!-- @BeforeMethod loginToApplication -->
  <testcase classname="TestPack.ToVerifyProductPage" name="@AfterMethod logOutApplication" time="-1.691035486795E9">
    <skipped/>
  </testcase> <!-- @AfterMethod logOutApplication -->
  <testcase classname="TestPack.ToVerifyLoginPage" name="@AfterMethod logOutApplication" time="-1.691035486808E9">
    <skipped/>
  </testcase> <!-- @AfterMethod logOutApplication -->
  <testcase classname="TestPack.ToVerifyProductPage" name="@AfterClass closeBrowser" time="-1.691035486815E9">
    <skipped/>
  </testcase> <!-- @AfterClass closeBrowser -->
  <testcase classname="TestPack.ToVerifyLoginPage" name="@BeforeMethod beforeMethod" time="-1.691035486922E9">
    <skipped/>
  </testcase> <!-- @BeforeMethod beforeMethod -->
  <testcase classname="TestPack.ToVerifyLoginPage" name="@AfterMethod logOutApplication" time="-1.691035486954E9">
    <skipped/>
  </testcase> <!-- @AfterMethod logOutApplication -->
  <testcase classname="TestPack.ToVerifyLoginPage" name="@BeforeMethod beforeMethod" time="-1.691035486959E9">
    <skipped/>
  </testcase> <!-- @BeforeMethod beforeMethod -->
  <testcase classname="TestPack.ToVerifyLoginPage" name="@AfterMethod logOutApplication" time="-1.691035486974E9">
    <skipped/>
  </testcase> <!-- @AfterMethod logOutApplication -->
  <testcase classname="TestPack.ToVerifyLoginPage" name="@AfterClass closeTheBrowser" time="-1.691035486995E9">
    <skipped/>
  </testcase> <!-- @AfterClass closeTheBrowser -->
  <testcase classname="TestPack.ToVerifyLoginPage" name="@AfterTest clearObject" time="-1.691035487007E9">
    <skipped/>
  </testcase> <!-- @AfterTest clearObject -->
  <testcase classname="TestPack.ToVerifyProductPage" name="@AfterTest clearObject" time="-1.691035487021E9">
    <skipped/>
  </testcase> <!-- @AfterTest clearObject -->
  <testcase classname="TestPack.ToVerifyProductPage" name="islandedOnProductPage" time="0.0">
    <skipped/>
  </testcase> <!-- islandedOnProductPage -->
  <testcase classname="TestPack.ToVerifyLoginPage" name="VerifyCheckOutButton" time="0.0">
    <skipped/>
  </testcase> <!-- VerifyCheckOutButton -->
  <testcase classname="TestPack.ToVerifyLoginPage" name="verifyContinueWithShoppingButton" time="0.0">
    <skipped/>
  </testcase> <!-- verifyContinueWithShoppingButton -->
  <testcase classname="TestPack.ToVerifyLoginPage" name="verifyRemoveButton" time="0.0">
    <skipped/>
  </testcase> <!-- verifyRemoveButton -->
</testsuite> <!-- OpearaTest -->
