<?xml version="1.0" encoding="UTF-8"?>
<!-- Generated by org.testng.reporters.JUnitXMLReporter -->
<testsuite ignored="0" hostname="Pankaj" failures="0" tests="4" name="Test" time="0.38" errors="0" timestamp="2023-08-03T09:05:40 IST">
  <testcase classname="TestPack.ToVerifyLoginPage" name="@BeforeTest beforeTest" time="-1.691033739866E9">
    <failure type="org.testng.TestNGException" message="
Can inject only one of &amp;lt;ITestContext, XmlTest&amp;gt; into a @BeforeTest annotated beforeTest.
For more information on native dependency injection please refer to https://testng.org/doc/documentation-main.html#native-dependency-injection">
      <![CDATA[org.testng.TestNGException: 
Can inject only one of <ITestContext, XmlTest> into a @BeforeTest annotated beforeTest.
For more information on native dependency injection please refer to https://testng.org/doc/documentation-main.html#native-dependency-injection
... Removed 21 stack frames]]>
    </failure>
  </testcase> <!-- @BeforeTest beforeTest -->
  <testcase classname="TestPack.ToVerifyProductPage" name="@BeforeTest beforeTest" time="-1.691033739932E9">
    <skipped/>
  </testcase> <!-- @BeforeTest beforeTest -->
  <testcase classname="TestPack.ToVerifyProductPage" name="@BeforeClass openBrowser" time="-1.69103374E9">
    <skipped/>
  </testcase> <!-- @BeforeClass openBrowser -->
  <testcase classname="TestPack.ToVerifyProductPage" name="@BeforeMethod loginToApplication" time="-1.691033740044E9">
    <skipped/>
  </testcase> <!-- @BeforeMethod loginToApplication -->
  <testcase classname="TestPack.ToVerifyProductPage" name="@AfterMethod logOutApplication" time="-1.691033740079E9">
    <skipped/>
  </testcase> <!-- @AfterMethod logOutApplication -->
  <testcase classname="TestPack.ToVerifyProductPage" name="@AfterClass closeBrowser" time="-1.691033740097E9">
    <skipped/>
  </testcase> <!-- @AfterClass closeBrowser -->
  <testcase classname="TestPack.ToVerifyLoginPage" name="@BeforeClass openBrowser" time="-1.691033740109E9">
    <skipped/>
  </testcase> <!-- @BeforeClass openBrowser -->
  <testcase classname="TestPack.ToVerifyLoginPage" name="@BeforeMethod beforeMethod" time="-1.691033740114E9">
    <skipped/>
  </testcase> <!-- @BeforeMethod beforeMethod -->
  <testcase classname="TestPack.ToVerifyLoginPage" name="@AfterMethod logOutApplication" time="-1.691033740129E9">
    <skipped/>
  </testcase> <!-- @AfterMethod logOutApplication -->
  <testcase classname="TestPack.ToVerifyLoginPage" name="@BeforeMethod beforeMethod" time="-1.691033740154E9">
    <skipped/>
  </testcase> <!-- @BeforeMethod beforeMethod -->
  <testcase classname="TestPack.ToVerifyLoginPage" name="@AfterMethod logOutApplication" time="-1.69103374018E9">
    <skipped/>
  </testcase> <!-- @AfterMethod logOutApplication -->
  <testcase classname="TestPack.ToVerifyLoginPage" name="@BeforeMethod beforeMethod" time="-1.691033740187E9">
    <skipped/>
  </testcase> <!-- @BeforeMethod beforeMethod -->
  <testcase classname="TestPack.ToVerifyLoginPage" name="@AfterMethod logOutApplication" time="-1.691033740218E9">
    <skipped/>
  </testcase> <!-- @AfterMethod logOutApplication -->
  <testcase classname="TestPack.ToVerifyLoginPage" name="@AfterClass closeTheBrowser" time="-1.691033740222E9">
    <skipped/>
  </testcase> <!-- @AfterClass closeTheBrowser -->
  <testcase classname="TestPack.ToVerifyLoginPage" name="@AfterTest clearObject" time="-1.691033740227E9">
    <skipped/>
  </testcase> <!-- @AfterTest clearObject -->
  <testcase classname="TestPack.ToVerifyProductPage" name="@AfterTest clearObject" time="-1.691033740234E9">
    <skipped/>
  </testcase> <!-- @AfterTest clearObject -->
  <testcase classname="TestPack.ToVerifyProductPage" name="islandedOnProductPage" time="0.0">
    <skipped/>
  </testcase> <!-- islandedOnProductPage -->
  <testcase classname="TestPack.ToVerifyLoginPage" name="VerifyCheckOutButton" time="0.0">
    <skipped/>
  </testcase> <!-- VerifyCheckOutButton -->
  <testcase classname="TestPack.ToVerifyLoginPage" name="verifyContinueWithShoppingButton" time="0.001">
    <skipped/>
  </testcase> <!-- verifyContinueWithShoppingButton -->
  <testcase classname="TestPack.ToVerifyLoginPage" name="verifyRemoveButton" time="0.0">
    <skipped/>
  </testcase> <!-- verifyRemoveButton -->
</testsuite> <!-- Test -->
